<?xml version="1.0" encoding="UTF-8"?>
<testsuite name="edu.wofford.wocoin.DatabaseTest" tests="15" skipped="0" failures="1" errors="0" timestamp="2019-11-15T01:22:46" hostname="RBLaptop" time="0.35">
  <properties/>
  <testcase name="testOpenExistingdb" classname="edu.wofford.wocoin.DatabaseTest" time="0.255"/>
  <testcase name="testAddExistingUser" classname="edu.wofford.wocoin.DatabaseTest" time="0.011"/>
  <testcase name="isAnAdminRightTest" classname="edu.wofford.wocoin.DatabaseTest" time="0.003"/>
  <testcase name="testProductDescriptionValid" classname="edu.wofford.wocoin.DatabaseTest" time="0.009"/>
  <testcase name="isAnAdminWrongTest" classname="edu.wofford.wocoin.DatabaseTest" time="0.002"/>
  <testcase name="testProductPriceValid" classname="edu.wofford.wocoin.DatabaseTest" time="0.005"/>
  <testcase name="testIsAdminPassWdCorrect" classname="edu.wofford.wocoin.DatabaseTest" time="0.002"/>
  <testcase name="testRemoveUser" classname="edu.wofford.wocoin.DatabaseTest" time="0.021"/>
  <testcase name="testProductNameValid" classname="edu.wofford.wocoin.DatabaseTest" time="0.005"/>
  <testcase name="testGetAdminPwd" classname="edu.wofford.wocoin.DatabaseTest" time="0.002"/>
  <testcase name="testAddProduct" classname="edu.wofford.wocoin.DatabaseTest" time="0.006">
    <failure message="java.lang.AssertionError" type="java.lang.AssertionError">java.lang.AssertionError
	at org.junit.Assert.fail(Assert.java:86)
	at org.junit.Assert.assertTrue(Assert.java:41)
	at org.junit.Assert.assertTrue(Assert.java:52)
	at edu.wofford.wocoin.DatabaseTest.testAddProduct(DatabaseTest.java:344)
	at sun.reflect.NativeMethodAccessorImpl.invoke0(Native Method)
	at sun.reflect.NativeMethodAccessorImpl.invoke(NativeMethodAccessorImpl.java:62)
	at sun.reflect.DelegatingMethodAccessorImpl.invoke(DelegatingMethodAccessorImpl.java:43)
	at java.lang.reflect.Method.invoke(Method.java:498)
	at org.junit.runners.model.FrameworkMethod$1.runReflectiveCall(FrameworkMethod.java:50)
	at org.junit.internal.runners.model.ReflectiveCallable.run(ReflectiveCallable.java:12)
	at org.junit.runners.model.FrameworkMethod.invokeExplosively(FrameworkMethod.java:47)
	at org.junit.internal.runners.statements.InvokeMethod.evaluate(InvokeMethod.java:17)
	at org.junit.runners.ParentRunner.runLeaf(ParentRunner.java:325)
	at org.junit.runners.BlockJUnit4ClassRunner.runChild(BlockJUnit4ClassRunner.java:78)
	at org.junit.runners.BlockJUnit4ClassRunner.runChild(BlockJUnit4ClassRunner.java:57)
	at org.junit.runners.ParentRunner$3.run(ParentRunner.java:290)
	at org.junit.runners.ParentRunner$1.schedule(ParentRunner.java:71)
	at org.junit.runners.ParentRunner.runChildren(ParentRunner.java:288)
	at org.junit.runners.ParentRunner.access$000(ParentRunner.java:58)
	at org.junit.runners.ParentRunner$2.evaluate(ParentRunner.java:268)
	at org.junit.runners.ParentRunner.run(ParentRunner.java:363)
	at org.gradle.api.internal.tasks.testing.junit.JUnitTestClassExecutor.runTestClass(JUnitTestClassExecutor.java:110)
	at org.gradle.api.internal.tasks.testing.junit.JUnitTestClassExecutor.execute(JUnitTestClassExecutor.java:58)
	at org.gradle.api.internal.tasks.testing.junit.JUnitTestClassExecutor.execute(JUnitTestClassExecutor.java:38)
	at org.gradle.api.internal.tasks.testing.junit.AbstractJUnitTestClassProcessor.processTestClass(AbstractJUnitTestClassProcessor.java:62)
	at org.gradle.api.internal.tasks.testing.SuiteTestClassProcessor.processTestClass(SuiteTestClassProcessor.java:51)
	at sun.reflect.NativeMethodAccessorImpl.invoke0(Native Method)
	at sun.reflect.NativeMethodAccessorImpl.invoke(NativeMethodAccessorImpl.java:62)
	at sun.reflect.DelegatingMethodAccessorImpl.invoke(DelegatingMethodAccessorImpl.java:43)
	at java.lang.reflect.Method.invoke(Method.java:498)
	at org.gradle.internal.dispatch.ReflectionDispatch.dispatch(ReflectionDispatch.java:35)
	at org.gradle.internal.dispatch.ReflectionDispatch.dispatch(ReflectionDispatch.java:24)
	at org.gradle.internal.dispatch.ContextClassLoaderDispatch.dispatch(ContextClassLoaderDispatch.java:32)
	at org.gradle.internal.dispatch.ProxyDispatchAdapter$DispatchingInvocationHandler.invoke(ProxyDispatchAdapter.java:93)
	at com.sun.proxy.$Proxy2.processTestClass(Unknown Source)
	at org.gradle.api.internal.tasks.testing.worker.TestWorker.processTestClass(TestWorker.java:118)
	at sun.reflect.NativeMethodAccessorImpl.invoke0(Native Method)
	at sun.reflect.NativeMethodAccessorImpl.invoke(NativeMethodAccessorImpl.java:62)
	at sun.reflect.DelegatingMethodAccessorImpl.invoke(DelegatingMethodAccessorImpl.java:43)
	at java.lang.reflect.Method.invoke(Method.java:498)
	at org.gradle.internal.dispatch.ReflectionDispatch.dispatch(ReflectionDispatch.java:35)
	at org.gradle.internal.dispatch.ReflectionDispatch.dispatch(ReflectionDispatch.java:24)
	at org.gradle.internal.remote.internal.hub.MessageHubBackedObjectConnection$DispatchWrapper.dispatch(MessageHubBackedObjectConnection.java:175)
	at org.gradle.internal.remote.internal.hub.MessageHubBackedObjectConnection$DispatchWrapper.dispatch(MessageHubBackedObjectConnection.java:157)
	at org.gradle.internal.remote.internal.hub.MessageHub$Handler.run(MessageHub.java:404)
	at org.gradle.internal.concurrent.ExecutorPolicy$CatchAndRecordFailures.onExecute(ExecutorPolicy.java:63)
	at org.gradle.internal.concurrent.ManagedExecutorImpl$1.run(ManagedExecutorImpl.java:46)
	at java.util.concurrent.ThreadPoolExecutor.runWorker(ThreadPoolExecutor.java:1149)
	at java.util.concurrent.ThreadPoolExecutor$Worker.run(ThreadPoolExecutor.java:624)
	at org.gradle.internal.concurrent.ThreadFactoryImpl$ManagedThreadRunnable.run(ThreadFactoryImpl.java:55)
	at java.lang.Thread.run(Thread.java:748)
</failure>
  </testcase>
  <testcase name="nonExistentUserTest" classname="edu.wofford.wocoin.DatabaseTest" time="0.004"/>
  <testcase name="testRemoveUserThatDoesntExist" classname="edu.wofford.wocoin.DatabaseTest" time="0.005"/>
  <testcase name="testCreateNewDatabase" classname="edu.wofford.wocoin.DatabaseTest" time="0.004"/>
  <testcase name="addUserToExistingDB" classname="edu.wofford.wocoin.DatabaseTest" time="0.011"/>
  <system-out><![CDATA[test full path = src/test/resources/testdbcopy.db
test full path = src/test/resources/testdbcopy.db
test full path = src/test/resources/testdbcopy.db
test full path = src/test/resources/testdbcopy.db
]]></system-out>
  <system-err><![CDATA[]]></system-err>
</testsuite>
